50372325646:ENCOLADO ans_d81bffaa-146f-46a2-8cc8-2a1111a12af2
EJECUTANDO:ans_d81bffaa-146f-46a2-8cc8-2a1111a12af2
50372325646:SUCCESS
50372325646:ENCOLADO ans_eed3168c-0751-4634-9b0e-12c138b4fcaf
EJECUTANDO:ans_eed3168c-0751-4634-9b0e-12c138b4fcaf
50372325646:SUCCESS
50372325646:ENCOLADO ans_fc852bd1-ccaf-4b33-bb32-9147564f92ae
EJECUTANDO:ans_fc852bd1-ccaf-4b33-bb32-9147564f92ae
50372325646:SUCCESS
50372325646:ENCOLADO ans_60841ecd-dd33-4bdb-8067-74c1c553de62
EJECUTANDO:ans_60841ecd-dd33-4bdb-8067-74c1c553de62
50372325646:SUCCESS
50374183373:ENCOLADO ans_d81bffaa-146f-46a2-8cc8-2a1111a12af2
EJECUTANDO:ans_d81bffaa-146f-46a2-8cc8-2a1111a12af2
50374183373:SUCCESS
50374183373:ENCOLADO ans_eed3168c-0751-4634-9b0e-12c138b4fcaf
EJECUTANDO:ans_eed3168c-0751-4634-9b0e-12c138b4fcaf
50374183373:SUCCESS
50374183373:ENCOLADO ans_fc852bd1-ccaf-4b33-bb32-9147564f92ae
EJECUTANDO:ans_fc852bd1-ccaf-4b33-bb32-9147564f92ae
50374183373:SUCCESS
50374183373:ENCOLADO ans_60841ecd-dd33-4bdb-8067-74c1c553de62
EJECUTANDO:ans_60841ecd-dd33-4bdb-8067-74c1c553de62
50374183373:SUCCESS
